2024-05-02 12:27:45 - Starting MaterialInspectionApplication using Java 17.0.9 with PID 31968 (D:\Zettamine\Spring Boot\Projects\material-inspection-rest\target\classes started by Bharat Kumar in D:\Zettamine\Spring Boot\Projects\material-inspection-rest)
2024-05-02 12:27:45 - No active profile set, falling back to 1 default profile: "default"
2024-05-02 12:27:45 - Devtools property defaults active! Set 'spring.devtools.add-properties' to 'false' to disable
2024-05-02 12:27:45 - For additional web related logging consider setting the 'logging.level.web' property to 'DEBUG'
2024-05-02 12:27:48 - Bootstrapping Spring Data JPA repositories in DEFAULT mode.
2024-05-02 12:27:48 - Finished Spring Data repository scanning in 185 ms. Found 7 JPA repository interfaces.
2024-05-02 12:27:50 - Tomcat initialized with port 8080 (http)
2024-05-02 12:27:50 - Starting service [Tomcat]
2024-05-02 12:27:50 - Starting Servlet engine: [Apache Tomcat/10.1.18]
2024-05-02 12:27:50 - Initializing Spring embedded WebApplicationContext
2024-05-02 12:27:50 - Root WebApplicationContext: initialization completed in 4758 ms
2024-05-02 12:27:50 - HHH000204: Processing PersistenceUnitInfo [name: default]
2024-05-02 12:27:51 - HHH000412: Hibernate ORM core version 6.4.1.Final
2024-05-02 12:27:51 - HHH000026: Second-level cache disabled
2024-05-02 12:27:51 - No LoadTimeWeaver setup: ignoring JPA class transformer
2024-05-02 12:27:51 - HikariPool-1 - Starting...
2024-05-02 12:27:52 - HikariPool-1 - Added connection org.postgresql.jdbc.PgConnection@5cade89
2024-05-02 12:27:52 - HikariPool-1 - Start completed.
2024-05-02 12:27:54 - HHH000489: No JTA platform available (set 'hibernate.transaction.jta.platform' to enable JTA platform integration)
2024-05-02 12:27:55 - Initialized JPA EntityManagerFactory for persistence unit 'default'
2024-05-02 12:27:56 - Hibernate is in classpath; If applicable, HQL parser will be used.
2024-05-02 12:27:59 - spring.jpa.open-in-view is enabled by default. Therefore, database queries may be performed during view rendering. Explicitly configure spring.jpa.open-in-view to disable this warning
2024-05-02 12:28:01 - LiveReload server is running on port 35729
2024-05-02 12:28:01 - Tomcat started on port 8080 (http) with context path ''
2024-05-02 12:28:01 - Started MaterialInspectionApplication in 17.404 seconds (process running for 19.276)
2024-05-02 12:28:57 - Application shutdown requested.
2024-05-02 12:28:57 - Closing JPA EntityManagerFactory for persistence unit 'default'
2024-05-02 12:28:57 - HikariPool-1 - Shutdown initiated...
2024-05-02 12:28:57 - HikariPool-1 - Shutdown completed.
